{"/Users/evettetelyas/turing/4module/projects/koroibos/koroibos/app.js": {"path":"/Users/evettetelyas/turing/4module/projects/koroibos/koroibos/app.js","statementMap":{"0":{"start":{"line":1,"column":14},"end":{"line":1,"column":32}},"1":{"start":{"line":2,"column":11},"end":{"line":2,"column":26}},"2":{"start":{"line":3,"column":19},"end":{"line":3,"column":43}},"3":{"start":{"line":4,"column":13},"end":{"line":4,"column":30}},"4":{"start":{"line":6,"column":10},"end":{"line":6,"column":19}},"5":{"start":{"line":8,"column":0},"end":{"line":8,"column":23}},"6":{"start":{"line":9,"column":0},"end":{"line":9,"column":24}},"7":{"start":{"line":10,"column":0},"end":{"line":10,"column":49}},"8":{"start":{"line":11,"column":0},"end":{"line":11,"column":24}},"9":{"start":{"line":12,"column":0},"end":{"line":12,"column":56}},"10":{"start":{"line":14,"column":28},"end":{"line":14,"column":76}},"11":{"start":{"line":16,"column":0},"end":{"line":16,"column":55}},"12":{"start":{"line":17,"column":0},"end":{"line":17,"column":60}},"13":{"start":{"line":18,"column":0},"end":{"line":18,"column":53}},"14":{"start":{"line":19,"column":0},"end":{"line":19,"column":72}},"15":{"start":{"line":21,"column":0},"end":{"line":21,"column":21}}},"fnMap":{},"branchMap":{},"s":{"0":3,"1":3,"2":3,"3":3,"4":3,"5":3,"6":3,"7":3,"8":3,"9":3,"10":3,"11":3,"12":3,"13":3,"14":3,"15":3},"f":{},"b":{},"_coverageSchema":"43e27e138ebf9cfc5966b082cf9a028302ed4184","hash":"5a97504bb40dbd8997737e63174fa84b3da5abc4"}
,"/Users/evettetelyas/turing/4module/projects/koroibos/koroibos/knexfile.js": {"path":"/Users/evettetelyas/turing/4module/projects/koroibos/koroibos/knexfile.js","statementMap":{"0":{"start":{"line":3,"column":0},"end":{"line":44,"column":2}}},"fnMap":{},"branchMap":{},"s":{"0":3},"f":{},"b":{},"_coverageSchema":"43e27e138ebf9cfc5966b082cf9a028302ed4184","hash":"1835421e93c0b917dcdcc0a7bebffe6aa6c21571"}
,"/Users/evettetelyas/turing/4module/projects/koroibos/koroibos/app/controllers/olympiansController.js": {"path":"/Users/evettetelyas/turing/4module/projects/koroibos/koroibos/app/controllers/olympiansController.js","statementMap":{"0":{"start":{"line":1,"column":17},"end":{"line":1,"column":46}},"1":{"start":{"line":2,"column":21},"end":{"line":2,"column":55}},"2":{"start":{"line":4,"column":14},"end":{"line":27,"column":1}},"3":{"start":{"line":5,"column":1},"end":{"line":26,"column":2}},"4":{"start":{"line":7,"column":4},"end":{"line":11,"column":53}},"5":{"start":{"line":9,"column":5},"end":{"line":9,"column":70}},"6":{"start":{"line":11,"column":20},"end":{"line":11,"column":52}},"7":{"start":{"line":12,"column":3},"end":{"line":12,"column":9}},"8":{"start":{"line":14,"column":4},"end":{"line":18,"column":53}},"9":{"start":{"line":16,"column":5},"end":{"line":16,"column":70}},"10":{"start":{"line":18,"column":20},"end":{"line":18,"column":52}},"11":{"start":{"line":19,"column":3},"end":{"line":19,"column":9}},"12":{"start":{"line":21,"column":3},"end":{"line":25,"column":52}},"13":{"start":{"line":23,"column":4},"end":{"line":23,"column":69}},"14":{"start":{"line":25,"column":19},"end":{"line":25,"column":51}},"15":{"start":{"line":29,"column":14},"end":{"line":31,"column":1}},"16":{"start":{"line":30,"column":1},"end":{"line":30,"column":69}},"17":{"start":{"line":33,"column":15},"end":{"line":39,"column":1}},"18":{"start":{"line":34,"column":1},"end":{"line":38,"column":50}},"19":{"start":{"line":36,"column":2},"end":{"line":36,"column":60}},"20":{"start":{"line":38,"column":17},"end":{"line":38,"column":49}},"21":{"start":{"line":41,"column":20},"end":{"line":48,"column":1}},"22":{"start":{"line":42,"column":10},"end":{"line":42,"column":27}},"23":{"start":{"line":43,"column":1},"end":{"line":47,"column":50}},"24":{"start":{"line":45,"column":2},"end":{"line":45,"column":63}},"25":{"start":{"line":47,"column":17},"end":{"line":47,"column":49}},"26":{"start":{"line":51,"column":0},"end":{"line":56,"column":1}}},"fnMap":{"0":{"name":"(anonymous_0)","decl":{"start":{"line":4,"column":14},"end":{"line":4,"column":15}},"loc":{"start":{"line":4,"column":37},"end":{"line":27,"column":1}},"line":4},"1":{"name":"(anonymous_1)","decl":{"start":{"line":8,"column":10},"end":{"line":8,"column":11}},"loc":{"start":{"line":8,"column":24},"end":{"line":10,"column":5}},"line":8},"2":{"name":"(anonymous_2)","decl":{"start":{"line":11,"column":11},"end":{"line":11,"column":12}},"loc":{"start":{"line":11,"column":20},"end":{"line":11,"column":52}},"line":11},"3":{"name":"(anonymous_3)","decl":{"start":{"line":15,"column":10},"end":{"line":15,"column":11}},"loc":{"start":{"line":15,"column":24},"end":{"line":17,"column":5}},"line":15},"4":{"name":"(anonymous_4)","decl":{"start":{"line":18,"column":11},"end":{"line":18,"column":12}},"loc":{"start":{"line":18,"column":20},"end":{"line":18,"column":52}},"line":18},"5":{"name":"(anonymous_5)","decl":{"start":{"line":22,"column":9},"end":{"line":22,"column":10}},"loc":{"start":{"line":22,"column":23},"end":{"line":24,"column":4}},"line":22},"6":{"name":"(anonymous_6)","decl":{"start":{"line":25,"column":10},"end":{"line":25,"column":11}},"loc":{"start":{"line":25,"column":19},"end":{"line":25,"column":51}},"line":25},"7":{"name":"(anonymous_7)","decl":{"start":{"line":29,"column":14},"end":{"line":29,"column":15}},"loc":{"start":{"line":29,"column":44},"end":{"line":31,"column":1}},"line":29},"8":{"name":"(anonymous_8)","decl":{"start":{"line":33,"column":15},"end":{"line":33,"column":16}},"loc":{"start":{"line":33,"column":45},"end":{"line":39,"column":1}},"line":33},"9":{"name":"(anonymous_9)","decl":{"start":{"line":35,"column":7},"end":{"line":35,"column":8}},"loc":{"start":{"line":35,"column":21},"end":{"line":37,"column":2}},"line":35},"10":{"name":"(anonymous_10)","decl":{"start":{"line":38,"column":8},"end":{"line":38,"column":9}},"loc":{"start":{"line":38,"column":17},"end":{"line":38,"column":49}},"line":38},"11":{"name":"(anonymous_11)","decl":{"start":{"line":41,"column":20},"end":{"line":41,"column":21}},"loc":{"start":{"line":41,"column":49},"end":{"line":48,"column":1}},"line":41},"12":{"name":"(anonymous_12)","decl":{"start":{"line":44,"column":7},"end":{"line":44,"column":8}},"loc":{"start":{"line":44,"column":21},"end":{"line":46,"column":2}},"line":44},"13":{"name":"(anonymous_13)","decl":{"start":{"line":47,"column":8},"end":{"line":47,"column":9}},"loc":{"start":{"line":47,"column":17},"end":{"line":47,"column":49}},"line":47}},"branchMap":{"0":{"loc":{"start":{"line":5,"column":1},"end":{"line":26,"column":2}},"type":"switch","locations":[{"start":{"line":6,"column":2},"end":{"line":12,"column":9}},{"start":{"line":13,"column":2},"end":{"line":19,"column":9}},{"start":{"line":20,"column":2},"end":{"line":25,"column":52}}],"line":5}},"s":{"0":3,"1":3,"2":3,"3":3,"4":1,"5":1,"6":0,"7":1,"8":1,"9":1,"10":0,"11":1,"12":1,"13":1,"14":0,"15":3,"16":1,"17":3,"18":1,"19":1,"20":0,"21":3,"22":0,"23":0,"24":0,"25":0,"26":3},"f":{"0":3,"1":1,"2":0,"3":1,"4":0,"5":1,"6":0,"7":1,"8":1,"9":1,"10":0,"11":0,"12":0,"13":0},"b":{"0":[1,1,1]},"_coverageSchema":"43e27e138ebf9cfc5966b082cf9a028302ed4184","hash":"38be1f694b5303fe45b3c3f4d66af981226cf126"}
,"/Users/evettetelyas/turing/4module/projects/koroibos/koroibos/app/helpers/fetchHelper.js": {"path":"/Users/evettetelyas/turing/4module/projects/koroibos/koroibos/app/helpers/fetchHelper.js","statementMap":{"0":{"start":{"line":2,"column":2},"end":{"line":4,"column":3}},"1":{"start":{"line":2,"column":19},"end":{"line":2,"column":20}},"2":{"start":{"line":3,"column":4},"end":{"line":3,"column":47}},"3":{"start":{"line":7,"column":0},"end":{"line":9,"column":1}}},"fnMap":{"0":{"name":"asyncForEach","decl":{"start":{"line":1,"column":15},"end":{"line":1,"column":27}},"loc":{"start":{"line":1,"column":45},"end":{"line":5,"column":1}},"line":1}},"branchMap":{},"s":{"0":4,"1":4,"2":6,"3":3},"f":{"0":4},"b":{},"_coverageSchema":"43e27e138ebf9cfc5966b082cf9a028302ed4184","hash":"6fad758e03bd38231a98925c1ffad7ecf3db498e"}
,"/Users/evettetelyas/turing/4module/projects/koroibos/koroibos/app/helpers/formatHelper.js": {"path":"/Users/evettetelyas/turing/4module/projects/koroibos/koroibos/app/helpers/formatHelper.js","statementMap":{"0":{"start":{"line":1,"column":17},"end":{"line":1,"column":46}},"1":{"start":{"line":2,"column":20},"end":{"line":2,"column":53}},"2":{"start":{"line":5,"column":20},"end":{"line":5,"column":22}},"3":{"start":{"line":6,"column":1},"end":{"line":15,"column":4}},"4":{"start":{"line":7,"column":12},"end":{"line":13,"column":3}},"5":{"start":{"line":12,"column":70},"end":{"line":12,"column":73}},"6":{"start":{"line":14,"column":2},"end":{"line":14,"column":25}},"7":{"start":{"line":16,"column":1},"end":{"line":16,"column":21}},"8":{"start":{"line":20,"column":11},"end":{"line":30,"column":2}},"9":{"start":{"line":22,"column":77},"end":{"line":22,"column":80}},"10":{"start":{"line":25,"column":66},"end":{"line":25,"column":69}},"11":{"start":{"line":26,"column":68},"end":{"line":26,"column":71}},"12":{"start":{"line":28,"column":55},"end":{"line":28,"column":58}},"13":{"start":{"line":31,"column":1},"end":{"line":31,"column":12}},"14":{"start":{"line":35,"column":16},"end":{"line":35,"column":18}},"15":{"start":{"line":36,"column":1},"end":{"line":42,"column":4}},"16":{"start":{"line":37,"column":12},"end":{"line":40,"column":3}},"17":{"start":{"line":41,"column":2},"end":{"line":41,"column":21}},"18":{"start":{"line":43,"column":1},"end":{"line":43,"column":17}},"19":{"start":{"line":47,"column":19},"end":{"line":47,"column":21}},"20":{"start":{"line":48,"column":1},"end":{"line":56,"column":4}},"21":{"start":{"line":49,"column":12},"end":{"line":54,"column":3}},"22":{"start":{"line":55,"column":2},"end":{"line":55,"column":24}},"23":{"start":{"line":57,"column":1},"end":{"line":57,"column":20}},"24":{"start":{"line":61,"column":11},"end":{"line":64,"column":2}},"25":{"start":{"line":65,"column":1},"end":{"line":65,"column":12}},"26":{"start":{"line":68,"column":0},"end":{"line":73,"column":1}}},"fnMap":{"0":{"name":"olympianIndex","decl":{"start":{"line":4,"column":15},"end":{"line":4,"column":28}},"loc":{"start":{"line":4,"column":35},"end":{"line":17,"column":1}},"line":4},"1":{"name":"(anonymous_1)","decl":{"start":{"line":6,"column":38},"end":{"line":6,"column":39}},"loc":{"start":{"line":6,"column":58},"end":{"line":15,"column":2}},"line":6},"2":{"name":"(anonymous_2)","decl":{"start":{"line":12,"column":63},"end":{"line":12,"column":64}},"loc":{"start":{"line":12,"column":70},"end":{"line":12,"column":73}},"line":12},"3":{"name":"olympianStats","decl":{"start":{"line":19,"column":15},"end":{"line":19,"column":28}},"loc":{"start":{"line":19,"column":31},"end":{"line":32,"column":1}},"line":19},"4":{"name":"(anonymous_4)","decl":{"start":{"line":22,"column":70},"end":{"line":22,"column":71}},"loc":{"start":{"line":22,"column":77},"end":{"line":22,"column":80}},"line":22},"5":{"name":"(anonymous_5)","decl":{"start":{"line":25,"column":59},"end":{"line":25,"column":60}},"loc":{"start":{"line":25,"column":66},"end":{"line":25,"column":69}},"line":25},"6":{"name":"(anonymous_6)","decl":{"start":{"line":26,"column":61},"end":{"line":26,"column":62}},"loc":{"start":{"line":26,"column":68},"end":{"line":26,"column":71}},"line":26},"7":{"name":"(anonymous_7)","decl":{"start":{"line":28,"column":48},"end":{"line":28,"column":49}},"loc":{"start":{"line":28,"column":55},"end":{"line":28,"column":58}},"line":28},"8":{"name":"events","decl":{"start":{"line":34,"column":15},"end":{"line":34,"column":21}},"loc":{"start":{"line":34,"column":33},"end":{"line":44,"column":1}},"line":34},"9":{"name":"(anonymous_9)","decl":{"start":{"line":36,"column":43},"end":{"line":36,"column":44}},"loc":{"start":{"line":36,"column":60},"end":{"line":42,"column":2}},"line":36},"10":{"name":"eventMedalists","decl":{"start":{"line":46,"column":15},"end":{"line":46,"column":29}},"loc":{"start":{"line":46,"column":36},"end":{"line":58,"column":1}},"line":46},"11":{"name":"(anonymous_11)","decl":{"start":{"line":48,"column":38},"end":{"line":48,"column":39}},"loc":{"start":{"line":48,"column":58},"end":{"line":56,"column":2}},"line":48},"12":{"name":"medalists","decl":{"start":{"line":60,"column":15},"end":{"line":60,"column":24}},"loc":{"start":{"line":60,"column":31},"end":{"line":66,"column":1}},"line":60}},"branchMap":{},"s":{"0":3,"1":3,"2":3,"3":3,"4":5,"5":5,"6":5,"7":3,"8":1,"9":1,"10":1,"11":1,"12":1,"13":1,"14":1,"15":1,"16":1,"17":1,"18":1,"19":0,"20":0,"21":0,"22":0,"23":0,"24":0,"25":0,"26":3},"f":{"0":3,"1":5,"2":5,"3":1,"4":1,"5":1,"6":1,"7":1,"8":1,"9":1,"10":0,"11":0,"12":0},"b":{},"_coverageSchema":"43e27e138ebf9cfc5966b082cf9a028302ed4184","hash":"74cc39d4d2a3a771d61df512ffd46595482499c1"}
,"/Users/evettetelyas/turing/4module/projects/koroibos/koroibos/app/models/olympian.js": {"path":"/Users/evettetelyas/turing/4module/projects/koroibos/koroibos/app/models/olympian.js","statementMap":{"0":{"start":{"line":1,"column":20},"end":{"line":1,"column":57}},"1":{"start":{"line":2,"column":22},"end":{"line":2,"column":60}},"2":{"start":{"line":3,"column":17},"end":{"line":3,"column":47}},"3":{"start":{"line":5,"column":12},"end":{"line":6,"column":10}},"4":{"start":{"line":5,"column":18},"end":{"line":6,"column":10}},"5":{"start":{"line":8,"column":20},"end":{"line":13,"column":23}},"6":{"start":{"line":8,"column":34},"end":{"line":13,"column":23}},"7":{"start":{"line":12,"column":16},"end":{"line":12,"column":28}},"8":{"start":{"line":13,"column":17},"end":{"line":13,"column":22}},"9":{"start":{"line":15,"column":19},"end":{"line":20,"column":23}},"10":{"start":{"line":15,"column":29},"end":{"line":20,"column":23}},"11":{"start":{"line":19,"column":16},"end":{"line":19,"column":21}},"12":{"start":{"line":20,"column":17},"end":{"line":20,"column":22}},"13":{"start":{"line":22,"column":23},"end":{"line":26,"column":23}},"14":{"start":{"line":22,"column":29},"end":{"line":26,"column":23}},"15":{"start":{"line":25,"column":16},"end":{"line":25,"column":28}},"16":{"start":{"line":26,"column":17},"end":{"line":26,"column":22}},"17":{"start":{"line":28,"column":18},"end":{"line":33,"column":23}},"18":{"start":{"line":28,"column":30},"end":{"line":33,"column":23}},"19":{"start":{"line":32,"column":16},"end":{"line":32,"column":58}},"20":{"start":{"line":33,"column":17},"end":{"line":33,"column":22}},"21":{"start":{"line":35,"column":15},"end":{"line":39,"column":23}},"22":{"start":{"line":35,"column":21},"end":{"line":39,"column":23}},"23":{"start":{"line":38,"column":16},"end":{"line":38,"column":51}},"24":{"start":{"line":39,"column":17},"end":{"line":39,"column":22}},"25":{"start":{"line":41,"column":20},"end":{"line":45,"column":12}},"26":{"start":{"line":41,"column":31},"end":{"line":45,"column":12}},"27":{"start":{"line":47,"column":15},"end":{"line":50,"column":12}},"28":{"start":{"line":47,"column":21},"end":{"line":50,"column":12}},"29":{"start":{"line":52,"column":15},"end":{"line":55,"column":12}},"30":{"start":{"line":52,"column":21},"end":{"line":55,"column":12}},"31":{"start":{"line":57,"column":20},"end":{"line":62,"column":23}},"32":{"start":{"line":57,"column":31},"end":{"line":62,"column":23}},"33":{"start":{"line":61,"column":16},"end":{"line":61,"column":28}},"34":{"start":{"line":62,"column":17},"end":{"line":62,"column":22}},"35":{"start":{"line":64,"column":21},"end":{"line":70,"column":23}},"36":{"start":{"line":64,"column":35},"end":{"line":70,"column":23}},"37":{"start":{"line":69,"column":17},"end":{"line":69,"column":23}},"38":{"start":{"line":70,"column":17},"end":{"line":70,"column":22}},"39":{"start":{"line":72,"column":0},"end":{"line":84,"column":1}}},"fnMap":{"0":{"name":"(anonymous_0)","decl":{"start":{"line":5,"column":12},"end":{"line":5,"column":13}},"loc":{"start":{"line":5,"column":18},"end":{"line":6,"column":10}},"line":5},"1":{"name":"(anonymous_1)","decl":{"start":{"line":8,"column":20},"end":{"line":8,"column":21}},"loc":{"start":{"line":8,"column":34},"end":{"line":13,"column":23}},"line":8},"2":{"name":"(anonymous_2)","decl":{"start":{"line":12,"column":7},"end":{"line":12,"column":8}},"loc":{"start":{"line":12,"column":16},"end":{"line":12,"column":28}},"line":12},"3":{"name":"(anonymous_3)","decl":{"start":{"line":13,"column":8},"end":{"line":13,"column":9}},"loc":{"start":{"line":13,"column":17},"end":{"line":13,"column":22}},"line":13},"4":{"name":"(anonymous_4)","decl":{"start":{"line":15,"column":19},"end":{"line":15,"column":20}},"loc":{"start":{"line":15,"column":29},"end":{"line":20,"column":23}},"line":15},"5":{"name":"(anonymous_5)","decl":{"start":{"line":19,"column":7},"end":{"line":19,"column":8}},"loc":{"start":{"line":19,"column":16},"end":{"line":19,"column":21}},"line":19},"6":{"name":"(anonymous_6)","decl":{"start":{"line":20,"column":8},"end":{"line":20,"column":9}},"loc":{"start":{"line":20,"column":17},"end":{"line":20,"column":22}},"line":20},"7":{"name":"(anonymous_7)","decl":{"start":{"line":22,"column":23},"end":{"line":22,"column":24}},"loc":{"start":{"line":22,"column":29},"end":{"line":26,"column":23}},"line":22},"8":{"name":"(anonymous_8)","decl":{"start":{"line":25,"column":7},"end":{"line":25,"column":8}},"loc":{"start":{"line":25,"column":16},"end":{"line":25,"column":28}},"line":25},"9":{"name":"(anonymous_9)","decl":{"start":{"line":26,"column":8},"end":{"line":26,"column":9}},"loc":{"start":{"line":26,"column":17},"end":{"line":26,"column":22}},"line":26},"10":{"name":"(anonymous_10)","decl":{"start":{"line":28,"column":18},"end":{"line":28,"column":19}},"loc":{"start":{"line":28,"column":30},"end":{"line":33,"column":23}},"line":28},"11":{"name":"(anonymous_11)","decl":{"start":{"line":32,"column":7},"end":{"line":32,"column":8}},"loc":{"start":{"line":32,"column":16},"end":{"line":32,"column":58}},"line":32},"12":{"name":"(anonymous_12)","decl":{"start":{"line":33,"column":8},"end":{"line":33,"column":9}},"loc":{"start":{"line":33,"column":17},"end":{"line":33,"column":22}},"line":33},"13":{"name":"(anonymous_13)","decl":{"start":{"line":35,"column":15},"end":{"line":35,"column":16}},"loc":{"start":{"line":35,"column":21},"end":{"line":39,"column":23}},"line":35},"14":{"name":"(anonymous_14)","decl":{"start":{"line":38,"column":7},"end":{"line":38,"column":8}},"loc":{"start":{"line":38,"column":16},"end":{"line":38,"column":51}},"line":38},"15":{"name":"(anonymous_15)","decl":{"start":{"line":39,"column":8},"end":{"line":39,"column":9}},"loc":{"start":{"line":39,"column":17},"end":{"line":39,"column":22}},"line":39},"16":{"name":"(anonymous_16)","decl":{"start":{"line":41,"column":20},"end":{"line":41,"column":21}},"loc":{"start":{"line":41,"column":31},"end":{"line":45,"column":12}},"line":41},"17":{"name":"(anonymous_17)","decl":{"start":{"line":47,"column":15},"end":{"line":47,"column":16}},"loc":{"start":{"line":47,"column":21},"end":{"line":50,"column":12}},"line":47},"18":{"name":"(anonymous_18)","decl":{"start":{"line":52,"column":15},"end":{"line":52,"column":16}},"loc":{"start":{"line":52,"column":21},"end":{"line":55,"column":12}},"line":52},"19":{"name":"(anonymous_19)","decl":{"start":{"line":57,"column":20},"end":{"line":57,"column":21}},"loc":{"start":{"line":57,"column":31},"end":{"line":62,"column":23}},"line":57},"20":{"name":"(anonymous_20)","decl":{"start":{"line":61,"column":7},"end":{"line":61,"column":8}},"loc":{"start":{"line":61,"column":16},"end":{"line":61,"column":28}},"line":61},"21":{"name":"(anonymous_21)","decl":{"start":{"line":62,"column":8},"end":{"line":62,"column":9}},"loc":{"start":{"line":62,"column":17},"end":{"line":62,"column":22}},"line":62},"22":{"name":"(anonymous_22)","decl":{"start":{"line":64,"column":21},"end":{"line":64,"column":22}},"loc":{"start":{"line":64,"column":35},"end":{"line":70,"column":23}},"line":64},"23":{"name":"(anonymous_23)","decl":{"start":{"line":69,"column":7},"end":{"line":69,"column":8}},"loc":{"start":{"line":69,"column":17},"end":{"line":69,"column":23}},"line":69},"24":{"name":"(anonymous_24)","decl":{"start":{"line":70,"column":8},"end":{"line":70,"column":9}},"loc":{"start":{"line":70,"column":17},"end":{"line":70,"column":22}},"line":70}},"branchMap":{"0":{"loc":{"start":{"line":1,"column":20},"end":{"line":1,"column":57}},"type":"binary-expr","locations":[{"start":{"line":1,"column":20},"end":{"line":1,"column":40}},{"start":{"line":1,"column":44},"end":{"line":1,"column":57}}],"line":1},"1":{"loc":{"start":{"line":32,"column":27},"end":{"line":32,"column":46}},"type":"binary-expr","locations":[{"start":{"line":32,"column":28},"end":{"line":32,"column":40}},{"start":{"line":32,"column":45},"end":{"line":32,"column":46}}],"line":32}},"s":{"0":3,"1":3,"2":3,"3":3,"4":1,"5":3,"6":5,"7":5,"8":0,"9":3,"10":2,"11":2,"12":0,"13":3,"14":1,"15":1,"16":0,"17":3,"18":2,"19":2,"20":0,"21":3,"22":1,"23":1,"24":0,"25":3,"26":1,"27":3,"28":1,"29":3,"30":0,"31":3,"32":0,"33":0,"34":0,"35":3,"36":0,"37":0,"38":0,"39":3},"f":{"0":1,"1":5,"2":5,"3":0,"4":2,"5":2,"6":0,"7":1,"8":1,"9":0,"10":2,"11":2,"12":0,"13":1,"14":1,"15":0,"16":1,"17":1,"18":0,"19":0,"20":0,"21":0,"22":0,"23":0,"24":0},"b":{"0":[3,0],"1":[2,1]},"_coverageSchema":"43e27e138ebf9cfc5966b082cf9a028302ed4184","hash":"9cd13cd7901a3e0a93fad716ad6bdeb33132e004"}
}
