TN:
SF:/Users/evettetelyas/turing/4module/projects/koroibos/koroibos/app.js
FNF:0
FNH:0
DA:1,3
DA:2,3
DA:3,3
DA:4,3
DA:6,3
DA:8,3
DA:9,3
DA:10,3
DA:11,3
DA:12,3
DA:14,3
DA:16,3
DA:17,3
DA:18,3
DA:19,3
DA:21,3
LF:16
LH:16
BRF:0
BRH:0
end_of_record
TN:
SF:/Users/evettetelyas/turing/4module/projects/koroibos/koroibos/knexfile.js
FNF:0
FNH:0
DA:3,3
LF:1
LH:1
BRF:0
BRH:0
end_of_record
TN:
SF:/Users/evettetelyas/turing/4module/projects/koroibos/koroibos/app/controllers/olympiansController.js
FN:4,(anonymous_0)
FN:8,(anonymous_1)
FN:11,(anonymous_2)
FN:15,(anonymous_3)
FN:18,(anonymous_4)
FN:22,(anonymous_5)
FN:25,(anonymous_6)
FN:29,(anonymous_7)
FN:33,(anonymous_8)
FN:35,(anonymous_9)
FN:38,(anonymous_10)
FN:41,(anonymous_11)
FN:44,(anonymous_12)
FN:47,(anonymous_13)
FNF:14
FNH:7
FNDA:3,(anonymous_0)
FNDA:1,(anonymous_1)
FNDA:0,(anonymous_2)
FNDA:1,(anonymous_3)
FNDA:0,(anonymous_4)
FNDA:1,(anonymous_5)
FNDA:0,(anonymous_6)
FNDA:1,(anonymous_7)
FNDA:1,(anonymous_8)
FNDA:1,(anonymous_9)
FNDA:0,(anonymous_10)
FNDA:0,(anonymous_11)
FNDA:0,(anonymous_12)
FNDA:0,(anonymous_13)
DA:1,3
DA:2,3
DA:4,3
DA:5,3
DA:7,1
DA:9,1
DA:11,0
DA:12,1
DA:14,1
DA:16,1
DA:18,0
DA:19,1
DA:21,1
DA:23,1
DA:25,0
DA:29,3
DA:30,1
DA:33,3
DA:34,1
DA:36,1
DA:38,0
DA:41,3
DA:42,0
DA:43,0
DA:45,0
DA:47,0
DA:51,3
LF:27
LH:19
BRDA:5,0,0,1
BRDA:5,0,1,1
BRDA:5,0,2,1
BRF:3
BRH:3
end_of_record
TN:
SF:/Users/evettetelyas/turing/4module/projects/koroibos/koroibos/app/helpers/fetchHelper.js
FN:1,asyncForEach
FNF:1
FNH:1
FNDA:4,asyncForEach
DA:2,4
DA:3,6
DA:7,3
LF:3
LH:3
BRF:0
BRH:0
end_of_record
TN:
SF:/Users/evettetelyas/turing/4module/projects/koroibos/koroibos/app/helpers/formatHelper.js
FN:4,olympianIndex
FN:6,(anonymous_1)
FN:12,(anonymous_2)
FN:19,olympianStats
FN:22,(anonymous_4)
FN:25,(anonymous_5)
FN:26,(anonymous_6)
FN:28,(anonymous_7)
FN:34,events
FN:36,(anonymous_9)
FN:46,eventMedalists
FN:48,(anonymous_11)
FN:60,medalists
FNF:13
FNH:10
FNDA:3,olympianIndex
FNDA:5,(anonymous_1)
FNDA:5,(anonymous_2)
FNDA:1,olympianStats
FNDA:1,(anonymous_4)
FNDA:1,(anonymous_5)
FNDA:1,(anonymous_6)
FNDA:1,(anonymous_7)
FNDA:1,events
FNDA:1,(anonymous_9)
FNDA:0,eventMedalists
FNDA:0,(anonymous_11)
FNDA:0,medalists
DA:1,3
DA:2,3
DA:5,3
DA:6,3
DA:7,5
DA:12,5
DA:14,5
DA:16,3
DA:20,1
DA:22,1
DA:25,1
DA:26,1
DA:28,1
DA:31,1
DA:35,1
DA:36,1
DA:37,1
DA:41,1
DA:43,1
DA:47,0
DA:48,0
DA:49,0
DA:55,0
DA:57,0
DA:61,0
DA:65,0
DA:68,3
LF:27
LH:20
BRF:0
BRH:0
end_of_record
TN:
SF:/Users/evettetelyas/turing/4module/projects/koroibos/koroibos/app/models/olympian.js
FN:5,(anonymous_0)
FN:8,(anonymous_1)
FN:12,(anonymous_2)
FN:13,(anonymous_3)
FN:15,(anonymous_4)
FN:19,(anonymous_5)
FN:20,(anonymous_6)
FN:22,(anonymous_7)
FN:25,(anonymous_8)
FN:26,(anonymous_9)
FN:28,(anonymous_10)
FN:32,(anonymous_11)
FN:33,(anonymous_12)
FN:35,(anonymous_13)
FN:38,(anonymous_14)
FN:39,(anonymous_15)
FN:41,(anonymous_16)
FN:47,(anonymous_17)
FN:52,(anonymous_18)
FN:57,(anonymous_19)
FN:61,(anonymous_20)
FN:62,(anonymous_21)
FN:64,(anonymous_22)
FN:69,(anonymous_23)
FN:70,(anonymous_24)
FNF:25
FNH:13
FNDA:1,(anonymous_0)
FNDA:5,(anonymous_1)
FNDA:5,(anonymous_2)
FNDA:0,(anonymous_3)
FNDA:2,(anonymous_4)
FNDA:2,(anonymous_5)
FNDA:0,(anonymous_6)
FNDA:1,(anonymous_7)
FNDA:1,(anonymous_8)
FNDA:0,(anonymous_9)
FNDA:2,(anonymous_10)
FNDA:2,(anonymous_11)
FNDA:0,(anonymous_12)
FNDA:1,(anonymous_13)
FNDA:1,(anonymous_14)
FNDA:0,(anonymous_15)
FNDA:1,(anonymous_16)
FNDA:1,(anonymous_17)
FNDA:0,(anonymous_18)
FNDA:0,(anonymous_19)
FNDA:0,(anonymous_20)
FNDA:0,(anonymous_21)
FNDA:0,(anonymous_22)
FNDA:0,(anonymous_23)
FNDA:0,(anonymous_24)
DA:1,3
DA:2,3
DA:3,3
DA:5,3
DA:8,5
DA:12,5
DA:13,0
DA:15,3
DA:19,2
DA:20,0
DA:22,3
DA:25,1
DA:26,0
DA:28,3
DA:32,2
DA:33,0
DA:35,3
DA:38,1
DA:39,0
DA:41,3
DA:47,3
DA:52,3
DA:57,3
DA:61,0
DA:62,0
DA:64,3
DA:69,0
DA:70,0
DA:72,3
LF:29
LH:20
BRDA:1,0,0,3
BRDA:1,0,1,0
BRDA:32,1,0,2
BRDA:32,1,1,1
BRF:4
BRH:3
end_of_record
